Scanning file: /bai-fast-vol/code/jobs-logs/Gendog0_20241203_033334.log
Scanning file: /bai-fast-vol/code/jobs-logs/Gendog1_20241203_033334.log
Scanning file: /bai-fast-vol/code/jobs-logs/Gendog2_20241203_033334.log
Scanning file: /bai-fast-vol/code/jobs-logs/Gendog3_20241203_033334.log
Scanning file: /bai-fast-vol/code/jobs-logs/Gendog4_20241203_070601.log
Scanning file: /bai-fast-vol/code/jobs-logs/Gendog5_20241203_065543.log
Scanning file: /bai-fast-vol/code/jobs-logs/Gendog6_20241203_065438.log
Scanning file: /bai-fast-vol/code/jobs-logs/Gendog7_20241203_065759.log
Scanning file: /bai-fast-vol/code/jobs-logs/Gendog8_20241203_103914.log
Scanning file: /bai-fast-vol/code/jobs-logs/Gendog9_20241203_100435.log
Scanning file: /bai-fast-vol/code/jobs-logs/Gendog10_20241203_100602.log
Scanning file: /bai-fast-vol/code/jobs-logs/Gendog11_20241203_102054.log
Scanning file: /bai-fast-vol/code/jobs-logs/Gendog12_20241203_141432.log
Scanning file: /bai-fast-vol/code/jobs-logs/Gendog13_20241203_134912.log
Scanning file: /bai-fast-vol/code/jobs-logs/Gendog14_20241203_131949.log
Scanning file: /bai-fast-vol/code/jobs-logs/Gendog15_20241203_132700.log
Scanning file: /bai-fast-vol/code/jobs-logs/Gendog16_20241203_172243.log
Scanning file: /bai-fast-vol/code/jobs-logs/Gendog17_20241203_170106.log
Scanning file: /bai-fast-vol/code/jobs-logs/Gendog18_20241203_163018.log
Scanning file: /bai-fast-vol/code/jobs-logs/Gendog19_20241203_170358.log
Scanning file: /bai-fast-vol/code/jobs-logs/Gendog20_20241203_204245.log
Scanning file: /bai-fast-vol/code/jobs-logs/Gendog21_20241203_201002.log
Scanning file: /bai-fast-vol/code/jobs-logs/Gendog22_20241203_194001.log
Scanning file: /bai-fast-vol/code/jobs-logs/Gendog23_20241203_202305.log
Scanning file: /bai-fast-vol/code/jobs-logs/Gendog24_20241203_235938.log
Scanning file: /bai-fast-vol/code/jobs-logs/Gendog25_20241203_233858.log
Scanning file: /bai-fast-vol/code/jobs-logs/Gendog26_20241203_224809.log
Scanning file: /bai-fast-vol/code/jobs-logs/Gendog27_20241203_231913.log
Scanning file: /bai-fast-vol/code/jobs-logs/Gendog28_20241204_030530.log
Scanning file: /bai-fast-vol/code/jobs-logs/Gendog29_20241204_024417.log
Scanning file: /bai-fast-vol/code/jobs-logs/Gendog30_20241203_034551.log
Scanning file: /bai-fast-vol/code/jobs-logs/Gendog31_20241203_034552.log
Scanning file: /bai-fast-vol/code/jobs-logs/Gendog32_20241203_034552.log
Scanning file: /bai-fast-vol/code/jobs-logs/Gendog33_20241203_034552.log
Scanning file: /bai-fast-vol/code/jobs-logs/Gendog34_20241203_070945.log
Scanning file: /bai-fast-vol/code/jobs-logs/Gendog35_20241203_071801.log
Scanning file: /bai-fast-vol/code/jobs-logs/Gendog36_20241203_071245.log
Scanning file: /bai-fast-vol/code/jobs-logs/Gendog37_20241203_071935.log
Scanning file: /bai-fast-vol/code/jobs-logs/Gendog38_20241203_102846.log
Scanning file: /bai-fast-vol/code/jobs-logs/Gendog39_20241203_110809.log
Scanning file: /bai-fast-vol/code/jobs-logs/Gendog40_20241203_100049.log
Scanning file: /bai-fast-vol/code/jobs-logs/Gendog41_20241203_105606.log
Scanning file: /bai-fast-vol/code/jobs-logs/Gendog42_20241203_140120.log
Scanning file: /bai-fast-vol/code/jobs-logs/Gendog43_20241203_143625.log
Scanning file: /bai-fast-vol/code/jobs-logs/Gendog44_20241203_122950.log
Scanning file: /bai-fast-vol/code/jobs-logs/Gendog45_20241203_142858.log
Scanning file: /bai-fast-vol/code/jobs-logs/Gendog46_20241203_172437.log
Scanning file: /bai-fast-vol/code/jobs-logs/Gendog47_20241203_180833.log
Scanning file: /bai-fast-vol/code/jobs-logs/Gendog48_20241203_160402.log
Scanning file: /bai-fast-vol/code/jobs-logs/Gendog49_20241203_172022.log
Scanning file: /bai-fast-vol/code/jobs-logs/Gendog50_20241203_210121.log
Scanning file: /bai-fast-vol/code/jobs-logs/Gendog51_20241203_221544.log
Scanning file: /bai-fast-vol/code/jobs-logs/Gendog52_20241203_195239.log
Scanning file: /bai-fast-vol/code/jobs-logs/Gendog53_20241203_202741.log
Scanning file: /bai-fast-vol/code/jobs-logs/Gendog54_20241204_004045.log
Scanning file: /bai-fast-vol/code/jobs-logs/Gendog55_20241204_013449.log
Scanning file: /bai-fast-vol/code/jobs-logs/Gendog56_20241203_233356.log
Scanning file: /bai-fast-vol/code/jobs-logs/Gendog57_20241203_234713.log
Scanning file: /bai-fast-vol/code/jobs-logs/Gendog58_20241204_040225.log
Scanning file: /bai-fast-vol/code/jobs-logs/Gendog59_20241204_041318.log
Scanning file: /bai-fast-vol/code/jobs-logs/Gendog60_20241203_034559.log
Scanning file: /bai-fast-vol/code/jobs-logs/Gendog61_20241203_034559.log
Scanning file: /bai-fast-vol/code/jobs-logs/Gendog62_20241203_034559.log
Scanning file: /bai-fast-vol/code/jobs-logs/Gendog63_20241203_034559.log
Scanning file: /bai-fast-vol/code/jobs-logs/Gendog64_20241203_065542.log
Scanning file: /bai-fast-vol/code/jobs-logs/Gendog65_20241203_065649.log
Scanning file: /bai-fast-vol/code/jobs-logs/Gendog66_20241203_070632.log
Scanning file: /bai-fast-vol/code/jobs-logs/Gendog67_20241203_065703.log
Scanning file: /bai-fast-vol/code/jobs-logs/Gendog68_20241203_102222.log
Scanning file: /bai-fast-vol/code/jobs-logs/Gendog69_20241203_102306.log
Scanning file: /bai-fast-vol/code/jobs-logs/Gendog70_20241203_101631.log
Scanning file: /bai-fast-vol/code/jobs-logs/Gendog71_20241203_094943.log
Scanning file: /bai-fast-vol/code/jobs-logs/Gendog72_20241203_132211.log
Scanning file: /bai-fast-vol/code/jobs-logs/Gendog73_20241203_134302.log
Scanning file: /bai-fast-vol/code/jobs-logs/Gendog74_20241203_134046.log
Scanning file: /bai-fast-vol/code/jobs-logs/Gendog75_20241203_125536.log
Scanning file: /bai-fast-vol/code/jobs-logs/Gendog76_20241203_162912.log
Scanning file: /bai-fast-vol/code/jobs-logs/Gendog77_20241203_164103.log
Scanning file: /bai-fast-vol/code/jobs-logs/Gendog78_20241203_172128.log
Scanning file: /bai-fast-vol/code/jobs-logs/Gendog79_20241203_161130.log
Scanning file: /bai-fast-vol/code/jobs-logs/Gendog80_20241203_194131.log
Scanning file: /bai-fast-vol/code/jobs-logs/Gendog81_20241203_195246.log
Scanning file: /bai-fast-vol/code/jobs-logs/Gendog82_20241203_203509.log
Scanning file: /bai-fast-vol/code/jobs-logs/Gendog83_20241203_195018.log
Scanning file: /bai-fast-vol/code/jobs-logs/Gendog84_20241203_224144.log
Scanning file: /bai-fast-vol/code/jobs-logs/Gendog85_20241203_231739.log
Scanning file: /bai-fast-vol/code/jobs-logs/Gendog86_20241203_235506.log
Scanning file: /bai-fast-vol/code/jobs-logs/Gendog87_20241203_230838.log
Scanning file: /bai-fast-vol/code/jobs-logs/Gendog88_20241204_022555.log
Scanning file: /bai-fast-vol/code/jobs-logs/Gendog89_20241204_024544.log
Scanning file: /bai-fast-vol/code/jobs-logs/Gendog90_20241203_034848.log
Scanning file: /bai-fast-vol/code/jobs-logs/Gendog91_20241203_034846.log
Scanning file: /bai-fast-vol/code/jobs-logs/Gendog92_20241203_034849.log
Scanning file: /bai-fast-vol/code/jobs-logs/Gendog93_20241203_034846.log
Scanning file: /bai-fast-vol/code/jobs-logs/Gendog94_20241203_115847.log
Scanning file: /bai-fast-vol/code/jobs-logs/Gendog95_20241203_115432.log
Scanning file: /bai-fast-vol/code/jobs-logs/Gendog96_20241203_110229.log
Scanning file: /bai-fast-vol/code/jobs-logs/Gendog97_20241203_102354.log
Scanning file: /bai-fast-vol/code/jobs-logs/Gendog98_20241203_195302.log
Scanning file: /bai-fast-vol/code/jobs-logs/Gendog99_20241203_192219.log
Scanning file: /bai-fast-vol/code/jobs-logs/Gendog100_20241203_180247.log
Scanning file: /bai-fast-vol/code/jobs-logs/Gendog101_20241203_171814.log
Scanning file: /bai-fast-vol/code/jobs-logs/Gendog102_20241204_044454.log
Scanning file: /bai-fast-vol/code/jobs-logs/Gendog103_20241204_020724.log
Scanning file: /bai-fast-vol/code/jobs-logs/Gendog104_20241204_022510.log
Scanning file: /bai-fast-vol/code/jobs-logs/Gendog105_20241204_002859.log
Scanning file: /bai-fast-vol/code/jobs-logs/Gendog106_20241204_084252.log
Scanning file: /bai-fast-vol/code/jobs-logs/Gendog107_20241204_075934.log
Scanning file: /bai-fast-vol/code/jobs-logs/Gendog108_20241204_074443.log
Scanning file: /bai-fast-vol/code/jobs-logs/Gendog109_20241204_062024.log
Scanning file: /bai-fast-vol/code/jobs-logs/Gendog110_20241204_124007.log
Scanning file: /bai-fast-vol/code/jobs-logs/Gendog111_20241204_113236.log
Scanning file: /bai-fast-vol/code/jobs-logs/Gendog112_20241204_121320.log
Scanning file: /bai-fast-vol/code/jobs-logs/Gendog113_20241204_104137.log
Scanning file: /bai-fast-vol/code/jobs-logs/Gendog114_20241204_165500.log
Scanning file: /bai-fast-vol/code/jobs-logs/Gendog115_20241204_150321.log
Scanning file: /bai-fast-vol/code/jobs-logs/Gendog116_20241204_171551.log
Scanning file: /bai-fast-vol/code/jobs-logs/Gendog117_20241204_143353.log
Scanning file: /bai-fast-vol/code/jobs-logs/Gendog118_20241204_195122.log
Scanning file: /bai-fast-vol/code/jobs-logs/Gendog119_20241204_192030.log
Scanning file: /bai-fast-vol/code/jobs-logs/Gendog120_20241203_034615.log
Scanning file: /bai-fast-vol/code/jobs-logs/Gendog121_20241203_034615.log
Scanning file: /bai-fast-vol/code/jobs-logs/Gendog122_20241203_034615.log
Scanning file: /bai-fast-vol/code/jobs-logs/Gendog123_20241203_034615.log
Scanning file: /bai-fast-vol/code/jobs-logs/Gendog124_20241203_072414.log
Scanning file: /bai-fast-vol/code/jobs-logs/Gendog125_20241203_072359.log
Scanning file: /bai-fast-vol/code/jobs-logs/Gendog126_20241203_064058.log
Scanning file: /bai-fast-vol/code/jobs-logs/Gendog127_20241203_072352.log
Scanning file: /bai-fast-vol/code/jobs-logs/Gendog128_20241203_102652.log
Scanning file: /bai-fast-vol/code/jobs-logs/Gendog129_20241203_105700.log
Scanning file: /bai-fast-vol/code/jobs-logs/Gendog130_20241203_101820.log
Scanning file: /bai-fast-vol/code/jobs-logs/Gendog131_20241203_110220.log
Scanning file: /bai-fast-vol/code/jobs-logs/Gendog132_20241203_130934.log
Scanning file: /bai-fast-vol/code/jobs-logs/Gendog133_20241203_142023.log
Scanning file: /bai-fast-vol/code/jobs-logs/Gendog134_20241203_141137.log
Scanning file: /bai-fast-vol/code/jobs-logs/Gendog135_20241203_144113.log
Scanning file: /bai-fast-vol/code/jobs-logs/Gendog136_20241203_164218.log
Scanning file: /bai-fast-vol/code/jobs-logs/Gendog137_20241203_175106.log
Scanning file: /bai-fast-vol/code/jobs-logs/Gendog138_20241203_174904.log
Scanning file: /bai-fast-vol/code/jobs-logs/Gendog139_20241203_173655.log
Scanning file: /bai-fast-vol/code/jobs-logs/Gendog140_20241203_202551.log
Scanning file: /bai-fast-vol/code/jobs-logs/Gendog141_20241203_214151.log
Scanning file: /bai-fast-vol/code/jobs-logs/Gendog142_20241203_213137.log
Scanning file: /bai-fast-vol/code/jobs-logs/Gendog143_20241203_201556.log
Scanning file: /bai-fast-vol/code/jobs-logs/Gendog144_20241203_232209.log
Scanning file: /bai-fast-vol/code/jobs-logs/Gendog145_20241204_012545.log
Scanning file: /bai-fast-vol/code/jobs-logs/Gendog146_20241204_010106.log
Scanning file: /bai-fast-vol/code/jobs-logs/Gendog147_20241203_235105.log
Scanning file: /bai-fast-vol/code/jobs-logs/Gendog148_20241204_025432.log
Scanning file: /bai-fast-vol/code/jobs-logs/Gendog149_20241204_044228.log
Scanning file: /bai-fast-vol/code/jobs-logs/Gendog150_20241203_044108.log
Scanning file: /bai-fast-vol/code/jobs-logs/Gendog151_20241203_044108.log
Scanning file: /bai-fast-vol/code/jobs-logs/Gendog152_20241203_044108.log
Scanning file: /bai-fast-vol/code/jobs-logs/Gendog153_20241203_044108.log
Scanning file: /bai-fast-vol/code/jobs-logs/Gendog154_20241203_122335.log
Scanning file: /bai-fast-vol/code/jobs-logs/Gendog155_20241203_114309.log
Scanning file: /bai-fast-vol/code/jobs-logs/Gendog156_20241203_124156.log
Scanning file: /bai-fast-vol/code/jobs-logs/Gendog157_20241203_132522.log
Scanning file: /bai-fast-vol/code/jobs-logs/Gendog158_20241203_193547.log
Scanning file: /bai-fast-vol/code/jobs-logs/Gendog159_20241203_193119.log
Scanning file: /bai-fast-vol/code/jobs-logs/Gendog160_20241203_192149.log
Scanning file: /bai-fast-vol/code/jobs-logs/Gendog161_20241203_203845.log
Scanning file: /bai-fast-vol/code/jobs-logs/Gendog162_20241204_023840.log
Scanning file: /bai-fast-vol/code/jobs-logs/Gendog163_20241204_032441.log
Scanning file: /bai-fast-vol/code/jobs-logs/Gendog164_20241204_032012.log
Scanning file: /bai-fast-vol/code/jobs-logs/Gendog165_20241204_050003.log
Scanning file: /bai-fast-vol/code/jobs-logs/Gendog166_20241204_074341.log
Scanning file: /bai-fast-vol/code/jobs-logs/Gendog167_20241204_085158.log
Scanning file: /bai-fast-vol/code/jobs-logs/Gendog168_20241204_085224.log
Scanning file: /bai-fast-vol/code/jobs-logs/Gendog169_20241204_092424.log
Scanning file: /bai-fast-vol/code/jobs-logs/Gendog170_20241204_120507.log
Scanning file: /bai-fast-vol/code/jobs-logs/Gendog171_20241204_131525.log
Scanning file: /bai-fast-vol/code/jobs-logs/Gendog172_20241204_134632.log
Scanning file: /bai-fast-vol/code/jobs-logs/Gendog173_20241204_124724.log
Scanning file: /bai-fast-vol/code/jobs-logs/Gendog174_20241204_165848.log
Scanning file: /bai-fast-vol/code/jobs-logs/Gendog175_20241204_174119.log
Scanning file: /bai-fast-vol/code/jobs-logs/Gendog176_20241204_171311.log
Scanning file: /bai-fast-vol/code/jobs-logs/Gendog177_20241204_170329.log
Scanning file: /bai-fast-vol/code/jobs-logs/Gendog180_20241203_034328.log
Scanning file: /bai-fast-vol/code/jobs-logs/Gendog181_20241203_034328.log
Scanning file: /bai-fast-vol/code/jobs-logs/Gendog182_20241203_034328.log
Scanning file: /bai-fast-vol/code/jobs-logs/Gendog183_20241203_034328.log
Scanning file: /bai-fast-vol/code/jobs-logs/Gendog184_20241203_070149.log
Scanning file: /bai-fast-vol/code/jobs-logs/Gendog185_20241203_073206.log
Scanning file: /bai-fast-vol/code/jobs-logs/Gendog186_20241203_071608.log
Scanning file: /bai-fast-vol/code/jobs-logs/Gendog187_20241203_065157.log
Scanning file: /bai-fast-vol/code/jobs-logs/Gendog188_20241203_094543.log
Scanning file: /bai-fast-vol/code/jobs-logs/Gendog189_20241203_113431.log
Scanning file: /bai-fast-vol/code/jobs-logs/Gendog190_20241203_111104.log
Scanning file: /bai-fast-vol/code/jobs-logs/Gendog191_20241203_102212.log
Scanning file: /bai-fast-vol/code/jobs-logs/Gendog192_20241203_123138.log
Scanning file: /bai-fast-vol/code/jobs-logs/Gendog193_20241203_151741.log
Scanning file: /bai-fast-vol/code/jobs-logs/Gendog194_20241203_140633.log
Scanning file: /bai-fast-vol/code/jobs-logs/Gendog195_20241203_140543.log
Scanning file: /bai-fast-vol/code/jobs-logs/Gendog196_20241203_160354.log
Scanning file: /bai-fast-vol/code/jobs-logs/Gendog197_20241203_185410.log
Scanning file: /bai-fast-vol/code/jobs-logs/Gendog198_20241203_165037.log
Scanning file: /bai-fast-vol/code/jobs-logs/Gendog199_20241203_174502.log
Scanning file: /bai-fast-vol/code/jobs-logs/Gendog200_20241203_200239.log
Scanning file: /bai-fast-vol/code/jobs-logs/Gendog201_20241203_223008.log
Scanning file: /bai-fast-vol/code/jobs-logs/Gendog202_20241203_200743.log
Scanning file: /bai-fast-vol/code/jobs-logs/Gendog203_20241203_203105.log
Scanning file: /bai-fast-vol/code/jobs-logs/Gendog204_20241203_234129.log
Scanning file: /bai-fast-vol/code/jobs-logs/Gendog205_20241204_014112.log
Scanning file: /bai-fast-vol/code/jobs-logs/Gendog206_20241203_225833.log
Scanning file: /bai-fast-vol/code/jobs-logs/Gendog207_20241204_002423.log
Scanning file: /bai-fast-vol/code/jobs-logs/Gendog208_20241204_031634.log
Scanning file: /bai-fast-vol/code/jobs-logs/Gendog209_20241204_033939.log
Scanning file: /bai-fast-vol/code/jobs-logs/Gendog210_20241203_034755.log
Scanning file: /bai-fast-vol/code/jobs-logs/Gendog211_20241203_034755.log
Scanning file: /bai-fast-vol/code/jobs-logs/Gendog212_20241203_034755.log
Scanning file: /bai-fast-vol/code/jobs-logs/Gendog213_20241203_034755.log
Scanning file: /bai-fast-vol/code/jobs-logs/Gendog240_20241203_034849.log
Scanning file: /bai-fast-vol/code/jobs-logs/Gendog241_20241203_034849.log
Scanning file: /bai-fast-vol/code/jobs-logs/Gendog242_20241203_034846.log
Scanning file: /bai-fast-vol/code/jobs-logs/Gendog243_20241203_034849.log
Scanning file: /bai-fast-vol/code/jobs-logs/Gendog244_20241203_115259.log
Scanning file: /bai-fast-vol/code/jobs-logs/Gendog245_20241203_113141.log
Scanning file: /bai-fast-vol/code/jobs-logs/Gendog246_20241203_110058.log
Scanning file: /bai-fast-vol/code/jobs-logs/Gendog247_20241203_123943.log
Scanning file: /bai-fast-vol/code/jobs-logs/Gendog248_20241203_185627.log
Scanning file: /bai-fast-vol/code/jobs-logs/Gendog249_20241203_194911.log
Scanning file: /bai-fast-vol/code/jobs-logs/Gendog250_20241203_194911.log
Scanning file: /bai-fast-vol/code/jobs-logs/Gendog251_20241203_195949.log
Scanning file: /bai-fast-vol/code/jobs-logs/Gendog252_20241204_032325.log
Scanning file: /bai-fast-vol/code/jobs-logs/Gendog253_20241204_022739.log
Scanning file: /bai-fast-vol/code/jobs-logs/Gendog254_20241204_034057.log
Scanning file: /bai-fast-vol/code/jobs-logs/Gendog255_20241204_024020.log
Scanning file: /bai-fast-vol/code/jobs-logs/Gendog256_20241204_083327.log
Scanning file: /bai-fast-vol/code/jobs-logs/Gendog257_20241204_081109.log
Scanning file: /bai-fast-vol/code/jobs-logs/Gendog258_20241204_081926.log
Scanning file: /bai-fast-vol/code/jobs-logs/Gendog259_20241204_075259.log
Scanning file: /bai-fast-vol/code/jobs-logs/Gendog260_20241204_120935.log
Scanning file: /bai-fast-vol/code/jobs-logs/Gendog261_20241204_124617.log
Scanning file: /bai-fast-vol/code/jobs-logs/Gendog262_20241204_123404.log
Scanning file: /bai-fast-vol/code/jobs-logs/Gendog263_20241204_123940.log
Scanning file: /bai-fast-vol/code/jobs-logs/Gendog264_20241204_155723.log
Scanning file: /bai-fast-vol/code/jobs-logs/Gendog265_20241204_162759.log
Scanning file: /bai-fast-vol/code/jobs-logs/Gendog266_20241204_170536.log
Scanning file: /bai-fast-vol/code/jobs-logs/Gendog267_20241204_172833.log
Scanning file: /bai-fast-vol/code/jobs-logs/Gendog268_20241204_201749.log
Scanning file: /bai-fast-vol/code/jobs-logs/Gendog269_20241204_201145.log
Scanning file: /bai-fast-vol/code/jobs-logs/Gendog270_20241203_034551.log
Scanning file: /bai-fast-vol/code/jobs-logs/Gendog271_20241203_034552.log
Scanning file: /bai-fast-vol/code/jobs-logs/Gendog272_20241203_034551.log
Scanning file: /bai-fast-vol/code/jobs-logs/Gendog273_20241203_034552.log
Scanning file: /bai-fast-vol/code/jobs-logs/Gendog274_20241203_073955.log
Scanning file: /bai-fast-vol/code/jobs-logs/Gendog275_20241203_065033.log
Scanning file: /bai-fast-vol/code/jobs-logs/Gendog276_20241203_064742.log
Scanning file: /bai-fast-vol/code/jobs-logs/Gendog277_20241203_070422.log
Scanning file: /bai-fast-vol/code/jobs-logs/Gendog278_20241203_112515.log
Scanning file: /bai-fast-vol/code/jobs-logs/Gendog279_20241203_094631.log
Scanning file: /bai-fast-vol/code/jobs-logs/Gendog280_20241203_094443.log
Scanning file: /bai-fast-vol/code/jobs-logs/Gendog281_20241203_103321.log
Scanning file: /bai-fast-vol/code/jobs-logs/Gendog282_20241203_142213.log
Scanning file: /bai-fast-vol/code/jobs-logs/Gendog283_20241203_125307.log
Scanning file: /bai-fast-vol/code/jobs-logs/Gendog284_20241203_124702.log
Scanning file: /bai-fast-vol/code/jobs-logs/Gendog285_20241203_134917.log
Scanning file: /bai-fast-vol/code/jobs-logs/Gendog286_20241203_170446.log
Scanning file: /bai-fast-vol/code/jobs-logs/Gendog287_20241203_155405.log
Scanning file: /bai-fast-vol/code/jobs-logs/Gendog288_20241203_153700.log
Scanning file: /bai-fast-vol/code/jobs-logs/Gendog289_20241203_173606.log
Scanning file: /bai-fast-vol/code/jobs-logs/Gendog290_20241203_195838.log
Scanning file: /bai-fast-vol/code/jobs-logs/Gendog291_20241203_185527.log
Scanning file: /bai-fast-vol/code/jobs-logs/Gendog292_20241203_193456.log
Scanning file: /bai-fast-vol/code/jobs-logs/Gendog293_20241203_203047.log
Scanning file: /bai-fast-vol/code/jobs-logs/Gendog294_20241203_232638.log
Scanning file: /bai-fast-vol/code/jobs-logs/Gendog295_20241203_214802.log
Scanning file: /bai-fast-vol/code/jobs-logs/Gendog296_20241203_233636.log
Scanning file: /bai-fast-vol/code/jobs-logs/Gendog297_20241203_231201.log
Scanning file: /bai-fast-vol/code/jobs-logs/Gendog298_20241204_021801.log
Scanning file: /bai-fast-vol/code/jobs-logs/Gendog299_20241204_005854.log
Scanning file: /bai-fast-vol/code/jobs-logs/Gendog300_20241203_034754.log
Scanning file: /bai-fast-vol/code/jobs-logs/Gendog301_20241203_034753.log
Scanning file: /bai-fast-vol/code/jobs-logs/Gendog302_20241203_034753.log
Scanning file: /bai-fast-vol/code/jobs-logs/Gendog303_20241203_034754.log
=== Logs with Errors ===
- File: Gendog33_20241203_034552.log (Index: 33)
  Last few lines:
    raise ValueError(msg)
    ValueError: The following joints have default positions out of the limits:
    - 'front_left_knee_joint': -0.840 not in [-2.532, -1.028]
    
    2024-12-03 07:19:34 [12,821,889ms] [Warning] [omni.usd] Unexpected reference count of 2 for UsdStage 'anon:0x191f3110:World0.usd' while being closed in UsdContext (this may indicate it is still resident in memory).

- File: Gendog34_20241203_070945.log (Index: 34)
  Last few lines:
    raise ValueError(msg)
    ValueError: The following joints have default positions out of the limits:
    - 'front_left_knee_joint': -0.840 not in [-2.532, -1.028]
    
    2024-12-03 10:28:45 [11,940,195ms] [Warning] [omni.usd] Unexpected reference count of 2 for UsdStage 'anon:0x3dfaf890:World0.usd' while being closed in UsdContext (this may indicate it is still resident in memory).

- File: Gendog35_20241203_071801.log (Index: 35)
  Last few lines:
    raise ValueError(msg)
    ValueError: The following joints have default positions out of the limits:
    - 'front_left_knee_joint': -0.840 not in [-2.532, -1.028]
    
    2024-12-03 11:08:08 [13,806,643ms] [Warning] [omni.usd] Unexpected reference count of 2 for UsdStage 'anon:0x3c97f990:World0.usd' while being closed in UsdContext (this may indicate it is still resident in memory).

- File: Gendog36_20241203_071245.log (Index: 36)
  Last few lines:
    raise ValueError(msg)
    ValueError: The following joints have default positions out of the limits:
    - 'front_left_knee_joint': -0.840 not in [-2.532, -1.028]
    
    2024-12-03 10:00:49 [10,083,847ms] [Warning] [omni.usd] Unexpected reference count of 2 for UsdStage 'anon:0x33420920:World0.usd' while being closed in UsdContext (this may indicate it is still resident in memory).

- File: Gendog37_20241203_071935.log (Index: 37)
  Last few lines:
    raise ValueError(msg)
    ValueError: The following joints have default positions out of the limits:
    - 'front_left_knee_joint': -0.840 not in [-2.532, -1.028]
    
    2024-12-03 10:56:06 [12,990,484ms] [Warning] [omni.usd] Unexpected reference count of 2 for UsdStage 'anon:0x180f7740:World0.usd' while being closed in UsdContext (this may indicate it is still resident in memory).

- File: Gendog38_20241203_102846.log (Index: 38)
  Last few lines:
    raise ValueError(msg)
    ValueError: The following joints have default positions out of the limits:
    - 'front_left_knee_joint': -0.840 not in [-2.532, -1.028]
    
    2024-12-03 14:01:20 [12,753,896ms] [Warning] [omni.usd] Unexpected reference count of 2 for UsdStage 'anon:0xda04fe0:World0.usd' while being closed in UsdContext (this may indicate it is still resident in memory).

- File: Gendog39_20241203_110809.log (Index: 39)
  Last few lines:
    raise ValueError(msg)
    ValueError: The following joints have default positions out of the limits:
    - 'front_left_knee_joint': -0.840 not in [-2.532, -1.028]
    
    2024-12-03 14:36:24 [12,495,558ms] [Warning] [omni.usd] Unexpected reference count of 2 for UsdStage 'anon:0x26262760:World0.usd' while being closed in UsdContext (this may indicate it is still resident in memory).

- File: Gendog40_20241203_100049.log (Index: 40)
  Last few lines:
    raise ValueError(msg)
    ValueError: The following joints have default positions out of the limits:
    - 'front_left_knee_joint': -0.840 not in [-2.532, -1.028]
    
    2024-12-03 12:29:49 [8,939,724ms] [Warning] [omni.usd] Unexpected reference count of 2 for UsdStage 'anon:0x1ba3c3c0:World0.usd' while being closed in UsdContext (this may indicate it is still resident in memory).

- File: Gendog41_20241203_105606.log (Index: 41)
  Last few lines:
    raise ValueError(msg)
    ValueError: The following joints have default positions out of the limits:
    - 'front_left_knee_joint': -0.840 not in [-2.532, -1.028]
    
    2024-12-03 14:28:58 [12,771,407ms] [Warning] [omni.usd] Unexpected reference count of 2 for UsdStage 'anon:0x1fdb2fd0:World0.usd' while being closed in UsdContext (this may indicate it is still resident in memory).

- File: Gendog42_20241203_140120.log (Index: 42)
  Last few lines:
    raise ValueError(msg)
    ValueError: The following joints have default positions out of the limits:
    - 'front_left_knee_joint': -0.840 not in [-2.532, -1.028]
    
    2024-12-03 17:24:37 [12,196,382ms] [Warning] [omni.usd] Unexpected reference count of 2 for UsdStage 'anon:0x23b8f980:World0.usd' while being closed in UsdContext (this may indicate it is still resident in memory).

- File: Gendog43_20241203_143625.log (Index: 43)
  Last few lines:
    raise ValueError(msg)
    ValueError: The following joints have default positions out of the limits:
    - 'front_left_knee_joint': -0.840 not in [-2.532, -1.028]
    
    2024-12-03 18:08:32 [12,727,271ms] [Warning] [omni.usd] Unexpected reference count of 2 for UsdStage 'anon:0x181b5e40:World0.usd' while being closed in UsdContext (this may indicate it is still resident in memory).

- File: Gendog55_20241204_013449.log (Index: 55)
  Last few lines:
    ValueError: The following joints have default positions out of the limits:
    - 'front_left_knee_joint': -0.840 not in [-2.532, -1.028]
    - 'front_right_knee_joint': -0.840 not in [-2.532, -1.028]
    
    2024-12-04 04:13:17 [9,507,950ms] [Warning] [omni.usd] Unexpected reference count of 2 for UsdStage 'anon:0x357a25f0:World0.usd' while being closed in UsdContext (this may indicate it is still resident in memory).

- File: Gendog56_20241203_233356.log (Index: 56)
  Last few lines:
    ValueError: The following joints have default positions out of the limits:
    - 'front_left_knee_joint': -0.840 not in [-2.532, -1.028]
    - 'front_right_knee_joint': -0.840 not in [-2.532, -1.028]
    
    2024-12-04 02:59:24 [12,327,785ms] [Warning] [omni.usd] Unexpected reference count of 2 for UsdStage 'anon:0x273e43b0:World0.usd' while being closed in UsdContext (this may indicate it is still resident in memory).

- File: Gendog57_20241203_234713.log (Index: 57)
  Last few lines:
    ValueError: The following joints have default positions out of the limits:
    - 'front_left_knee_joint': -0.840 not in [-2.532, -1.028]
    - 'front_right_knee_joint': -0.840 not in [-2.532, -1.028]
    
    2024-12-04 03:15:53 [12,519,699ms] [Warning] [omni.usd] Unexpected reference count of 2 for UsdStage 'anon:0x2feefa20:World0.usd' while being closed in UsdContext (this may indicate it is still resident in memory).

- File: Gendog58_20241204_040225.log (Index: 58)
  Last few lines:
    ValueError: The following joints have default positions out of the limits:
    - 'front_left_knee_joint': -0.840 not in [-2.532, -1.028]
    - 'front_right_knee_joint': -0.840 not in [-2.532, -1.028]
    
    2024-12-04 07:02:46 [10,821,224ms] [Warning] [omni.usd] Unexpected reference count of 2 for UsdStage 'anon:0x46e20480:World0.usd' while being closed in UsdContext (this may indicate it is still resident in memory).

- File: Gendog59_20241204_041318.log (Index: 59)
  Last few lines:
    ValueError: The following joints have default positions out of the limits:
    - 'front_left_knee_joint': -0.840 not in [-2.532, -1.028]
    - 'front_right_knee_joint': -0.840 not in [-2.532, -1.028]
    
    2024-12-04 06:41:53 [8,915,481ms] [Warning] [omni.usd] Unexpected reference count of 2 for UsdStage 'anon:0x2851ab30:World0.usd' while being closed in UsdContext (this may indicate it is still resident in memory).

- File: Gendog60_20241203_034559.log (Index: 60)
  Last few lines:
    ValueError: The following joints have default positions out of the limits:
    - 'front_left_knee_joint': -0.840 not in [-2.532, -1.028]
    - 'front_right_knee_joint': -0.840 not in [-2.532, -1.028]
    
    2024-12-03 06:55:41 [11,381,852ms] [Warning] [omni.usd] Unexpected reference count of 2 for UsdStage 'anon:0xae20ba0:World0.usd' while being closed in UsdContext (this may indicate it is still resident in memory).

- File: Gendog61_20241203_034559.log (Index: 61)
  Last few lines:
    ValueError: The following joints have default positions out of the limits:
    - 'front_left_knee_joint': -0.840 not in [-2.532, -1.028]
    - 'front_right_knee_joint': -0.840 not in [-2.532, -1.028]
    
    2024-12-03 06:56:49 [11,450,085ms] [Warning] [omni.usd] Unexpected reference count of 2 for UsdStage 'anon:0xc00d920:World0.usd' while being closed in UsdContext (this may indicate it is still resident in memory).

- File: Gendog62_20241203_034559.log (Index: 62)
  Last few lines:
    ValueError: The following joints have default positions out of the limits:
    - 'front_left_knee_joint': -0.840 not in [-2.532, -1.028]
    - 'front_right_knee_joint': -0.840 not in [-2.532, -1.028]
    
    2024-12-03 07:06:32 [12,032,851ms] [Warning] [omni.usd] Unexpected reference count of 2 for UsdStage 'anon:0xc082b60:World0.usd' while being closed in UsdContext (this may indicate it is still resident in memory).

- File: Gendog63_20241203_034559.log (Index: 63)
  Last few lines:
    ValueError: The following joints have default positions out of the limits:
    - 'front_left_knee_joint': -0.840 not in [-2.532, -1.028]
    - 'front_right_knee_joint': -0.840 not in [-2.532, -1.028]
    
    2024-12-03 06:57:02 [11,463,107ms] [Warning] [omni.usd] Unexpected reference count of 2 for UsdStage 'anon:0xbaefc60:World0.usd' while being closed in UsdContext (this may indicate it is still resident in memory).

- File: Gendog64_20241203_065542.log (Index: 64)
  Last few lines:
    ValueError: The following joints have default positions out of the limits:
    - 'front_left_knee_joint': -0.840 not in [-2.532, -1.028]
    - 'front_right_knee_joint': -0.840 not in [-2.532, -1.028]
    
    2024-12-03 10:22:22 [12,399,614ms] [Warning] [omni.usd] Unexpected reference count of 2 for UsdStage 'anon:0xad7e250:World0.usd' while being closed in UsdContext (this may indicate it is still resident in memory).

- File: Gendog65_20241203_065649.log (Index: 65)
  Last few lines:
    ValueError: The following joints have default positions out of the limits:
    - 'front_left_knee_joint': -0.840 not in [-2.532, -1.028]
    - 'front_right_knee_joint': -0.840 not in [-2.532, -1.028]
    
    2024-12-03 10:23:06 [12,375,961ms] [Warning] [omni.usd] Unexpected reference count of 2 for UsdStage 'anon:0xa857b00:World0.usd' while being closed in UsdContext (this may indicate it is still resident in memory).

- File: Gendog66_20241203_070632.log (Index: 66)
  Last few lines:
    - 'front_right_knee_joint': -0.650 not in [-2.720, -0.840]
    - 'rear_left_knee_joint': -0.650 not in [-2.908, -0.652]
    - 'rear_right_knee_joint': -0.650 not in [-2.908, -0.652]
    
    2024-12-03 10:16:31 [11,397,978ms] [Warning] [omni.usd] Unexpected reference count of 2 for UsdStage 'anon:0xb20a6b0:World0.usd' while being closed in UsdContext (this may indicate it is still resident in memory).

- File: Gendog67_20241203_065703.log (Index: 67)
  Last few lines:
    - 'front_right_knee_joint': -0.650 not in [-2.720, -0.840]
    - 'rear_left_knee_joint': -0.650 not in [-2.908, -0.652]
    - 'rear_right_knee_joint': -0.650 not in [-2.908, -0.652]
    
    2024-12-03 09:49:42 [10,358,932ms] [Warning] [omni.usd] Unexpected reference count of 2 for UsdStage 'anon:0xa1cee20:World0.usd' while being closed in UsdContext (this may indicate it is still resident in memory).

- File: Gendog68_20241203_102222.log (Index: 68)
  Last few lines:
    - 'front_right_knee_joint': -0.650 not in [-2.720, -0.840]
    - 'rear_left_knee_joint': -0.650 not in [-2.908, -0.652]
    - 'rear_right_knee_joint': -0.650 not in [-2.908, -0.652]
    
    2024-12-03 13:22:11 [10,788,648ms] [Warning] [omni.usd] Unexpected reference count of 2 for UsdStage 'anon:0xafb2820:World0.usd' while being closed in UsdContext (this may indicate it is still resident in memory).

- File: Gendog69_20241203_102306.log (Index: 69)
  Last few lines:
    - 'front_right_knee_joint': -0.650 not in [-2.720, -0.840]
    - 'rear_left_knee_joint': -0.650 not in [-2.908, -0.652]
    - 'rear_right_knee_joint': -0.650 not in [-2.908, -0.652]
    
    2024-12-03 13:43:02 [11,995,223ms] [Warning] [omni.usd] Unexpected reference count of 2 for UsdStage 'anon:0xaa26dd0:World0.usd' while being closed in UsdContext (this may indicate it is still resident in memory).

- File: Gendog70_20241203_101631.log (Index: 70)
  Last few lines:
    - 'front_right_knee_joint': -0.650 not in [-2.720, -0.840]
    - 'rear_left_knee_joint': -0.650 not in [-2.908, -0.652]
    - 'rear_right_knee_joint': -0.650 not in [-2.908, -0.652]
    
    2024-12-03 13:40:46 [12,254,334ms] [Warning] [omni.usd] Unexpected reference count of 2 for UsdStage 'anon:0xa5af340:World0.usd' while being closed in UsdContext (this may indicate it is still resident in memory).

- File: Gendog71_20241203_094943.log (Index: 71)
  Last few lines:
    - 'front_right_knee_joint': -0.650 not in [-2.720, -0.840]
    - 'rear_left_knee_joint': -0.650 not in [-2.908, -0.652]
    - 'rear_right_knee_joint': -0.650 not in [-2.908, -0.652]
    
    2024-12-03 12:55:35 [11,152,162ms] [Warning] [omni.usd] Unexpected reference count of 2 for UsdStage 'anon:0xa78fc50:World0.usd' while being closed in UsdContext (this may indicate it is still resident in memory).

- File: Gendog72_20241203_132211.log (Index: 72)
  Last few lines:
    - 'front_right_knee_joint': -0.650 not in [-2.720, -0.840]
    - 'rear_left_knee_joint': -0.650 not in [-2.908, -0.652]
    - 'rear_right_knee_joint': -0.650 not in [-2.908, -0.652]
    
    2024-12-03 16:29:12 [11,220,355ms] [Warning] [omni.usd] Unexpected reference count of 2 for UsdStage 'anon:0xb0d6250:World0.usd' while being closed in UsdContext (this may indicate it is still resident in memory).

- File: Gendog73_20241203_134302.log (Index: 73)
  Last few lines:
    - 'front_right_knee_joint': -0.650 not in [-2.720, -0.840]
    - 'rear_left_knee_joint': -0.650 not in [-2.908, -0.652]
    - 'rear_right_knee_joint': -0.650 not in [-2.908, -0.652]
    
    2024-12-03 16:41:02 [10,680,025ms] [Warning] [omni.usd] Unexpected reference count of 2 for UsdStage 'anon:0xb051860:World0.usd' while being closed in UsdContext (this may indicate it is still resident in memory).

- File: Gendog74_20241203_134046.log (Index: 74)
  Last few lines:
    - 'front_right_knee_joint': -0.650 not in [-2.720, -0.840]
    - 'rear_left_knee_joint': -0.650 not in [-2.908, -0.652]
    - 'rear_right_knee_joint': -0.650 not in [-2.908, -0.652]
    
    2024-12-03 17:21:27 [13,241,104ms] [Warning] [omni.usd] Unexpected reference count of 2 for UsdStage 'anon:0x98d97c0:World0.usd' while being closed in UsdContext (this may indicate it is still resident in memory).

- File: Gendog75_20241203_125536.log (Index: 75)
  Last few lines:
    - 'front_right_knee_joint': -0.650 not in [-2.720, -0.840]
    - 'rear_left_knee_joint': -0.650 not in [-2.908, -0.652]
    - 'rear_right_knee_joint': -0.650 not in [-2.908, -0.652]
    
    2024-12-03 16:11:29 [11,753,704ms] [Warning] [omni.usd] Unexpected reference count of 2 for UsdStage 'anon:0x9cfee00:World0.usd' while being closed in UsdContext (this may indicate it is still resident in memory).

- File: Gendog76_20241203_162912.log (Index: 76)
  Last few lines:
    - 'front_right_knee_joint': -0.650 not in [-2.720, -0.840]
    - 'rear_left_knee_joint': -0.650 not in [-2.908, -0.652]
    - 'rear_right_knee_joint': -0.650 not in [-2.908, -0.652]
    
    2024-12-03 19:41:31 [11,537,888ms] [Warning] [omni.usd] Unexpected reference count of 2 for UsdStage 'anon:0xa5d0f70:World0.usd' while being closed in UsdContext (this may indicate it is still resident in memory).

- File: Gendog99_20241203_192219.log (Index: 99)
  Last few lines:
    ValueError: The following joints have default positions out of the limits:
    - 'front_left_knee_joint': -0.840 not in [-2.532, -1.028]
    - 'rear_left_knee_joint': -0.840 not in [-2.532, -1.028]
    
    2024-12-04 02:07:23 [24,303,829ms] [Warning] [omni.usd] Unexpected reference count of 2 for UsdStage 'anon:0xa491db0:World0.usd' while being closed in UsdContext (this may indicate it is still resident in memory).

- File: Gendog100_20241203_180247.log (Index: 100)
  Last few lines:
    ValueError: The following joints have default positions out of the limits:
    - 'front_left_knee_joint': -0.840 not in [-2.532, -1.028]
    - 'rear_left_knee_joint': -0.840 not in [-2.532, -1.028]
    
    2024-12-04 02:25:09 [30,141,369ms] [Warning] [omni.usd] Unexpected reference count of 2 for UsdStage 'anon:0xaf7fce0:World0.usd' while being closed in UsdContext (this may indicate it is still resident in memory).

- File: Gendog101_20241203_171814.log (Index: 101)
  Last few lines:
    ValueError: The following joints have default positions out of the limits:
    - 'front_left_knee_joint': -0.840 not in [-2.532, -1.028]
    - 'rear_left_knee_joint': -0.840 not in [-2.532, -1.028]
    
    2024-12-04 00:28:58 [25,843,777ms] [Warning] [omni.usd] Unexpected reference count of 2 for UsdStage 'anon:0x9dcfc30:World0.usd' while being closed in UsdContext (this may indicate it is still resident in memory).

- File: Gendog102_20241204_044454.log (Index: 102)
  Last few lines:
    ValueError: The following joints have default positions out of the limits:
    - 'front_left_knee_joint': -0.840 not in [-2.532, -1.028]
    - 'rear_left_knee_joint': -0.840 not in [-2.532, -1.028]
    
    2024-12-04 08:42:51 [14,276,857ms] [Warning] [omni.usd] Unexpected reference count of 2 for UsdStage 'anon:0xa344500:World0.usd' while being closed in UsdContext (this may indicate it is still resident in memory).

- File: Gendog103_20241204_020724.log (Index: 103)
  Last few lines:
    ValueError: The following joints have default positions out of the limits:
    - 'front_left_knee_joint': -0.840 not in [-2.532, -1.028]
    - 'rear_left_knee_joint': -0.840 not in [-2.532, -1.028]
    
    2024-12-04 07:59:33 [21,128,959ms] [Warning] [omni.usd] Unexpected reference count of 2 for UsdStage 'anon:0xa9be250:World0.usd' while being closed in UsdContext (this may indicate it is still resident in memory).

- File: Gendog104_20241204_022510.log (Index: 104)
  Last few lines:
    ValueError: The following joints have default positions out of the limits:
    - 'front_left_knee_joint': -0.840 not in [-2.532, -1.028]
    - 'rear_left_knee_joint': -0.840 not in [-2.532, -1.028]
    
    2024-12-04 07:44:42 [19,171,762ms] [Warning] [omni.usd] Unexpected reference count of 2 for UsdStage 'anon:0xaa2da00:World0.usd' while being closed in UsdContext (this may indicate it is still resident in memory).

- File: Gendog105_20241204_002859.log (Index: 105)
  Last few lines:
    ValueError: The following joints have default positions out of the limits:
    - 'front_left_knee_joint': -0.840 not in [-2.532, -1.028]
    - 'rear_left_knee_joint': -0.840 not in [-2.532, -1.028]
    
    2024-12-04 06:20:23 [21,083,254ms] [Warning] [omni.usd] Unexpected reference count of 2 for UsdStage 'anon:0xad17ea0:World0.usd' while being closed in UsdContext (this may indicate it is still resident in memory).

- File: Gendog106_20241204_084252.log (Index: 106)
  Last few lines:
    ValueError: The following joints have default positions out of the limits:
    - 'front_left_knee_joint': -0.840 not in [-2.532, -1.028]
    - 'rear_left_knee_joint': -0.840 not in [-2.532, -1.028]
    
    2024-12-04 12:40:06 [14,233,199ms] [Warning] [omni.usd] Unexpected reference count of 2 for UsdStage 'anon:0xb2bd680:World0.usd' while being closed in UsdContext (this may indicate it is still resident in memory).

- File: Gendog107_20241204_075934.log (Index: 107)
  Last few lines:
    ValueError: The following joints have default positions out of the limits:
    - 'front_left_knee_joint': -0.840 not in [-2.532, -1.028]
    - 'rear_left_knee_joint': -0.840 not in [-2.532, -1.028]
    
    2024-12-04 11:32:35 [12,780,778ms] [Warning] [omni.usd] Unexpected reference count of 2 for UsdStage 'anon:0x9908650:World0.usd' while being closed in UsdContext (this may indicate it is still resident in memory).

- File: Gendog108_20241204_074443.log (Index: 108)
  Last few lines:
    ValueError: The following joints have default positions out of the limits:
    - 'front_left_knee_joint': -0.840 not in [-2.532, -1.028]
    - 'rear_left_knee_joint': -0.840 not in [-2.532, -1.028]
    
    2024-12-04 12:13:19 [16,115,534ms] [Warning] [omni.usd] Unexpected reference count of 2 for UsdStage 'anon:0xa7c3c70:World0.usd' while being closed in UsdContext (this may indicate it is still resident in memory).

- File: Gendog109_20241204_062024.log (Index: 109)
  Last few lines:
    ValueError: The following joints have default positions out of the limits:
    - 'front_left_knee_joint': -0.840 not in [-2.532, -1.028]
    - 'rear_left_knee_joint': -0.840 not in [-2.532, -1.028]
    
    2024-12-04 10:41:36 [15,672,232ms] [Warning] [omni.usd] Unexpected reference count of 2 for UsdStage 'anon:0xa5dd510:World0.usd' while being closed in UsdContext (this may indicate it is still resident in memory).

- File: Gendog132_20241203_130934.log (Index: 132)
  Last few lines:
    raise ValueError(msg)
    ValueError: The following joints have default positions out of the limits:
    - 'front_left_knee_joint': -0.840 not in [-2.532, -1.028]
    
    2024-12-03 16:42:18 [12,763,049ms] [Warning] [omni.usd] Unexpected reference count of 2 for UsdStage 'anon:0xb21a430:World0.usd' while being closed in UsdContext (this may indicate it is still resident in memory).

- File: Gendog133_20241203_142023.log (Index: 133)
  Last few lines:
    raise ValueError(msg)
    ValueError: The following joints have default positions out of the limits:
    - 'front_left_knee_joint': -0.840 not in [-2.532, -1.028]
    
    2024-12-03 17:51:06 [12,642,920ms] [Warning] [omni.usd] Unexpected reference count of 2 for UsdStage 'anon:0xb5572e0:World0.usd' while being closed in UsdContext (this may indicate it is still resident in memory).

- File: Gendog134_20241203_141137.log (Index: 134)
  Last few lines:
    raise ValueError(msg)
    ValueError: The following joints have default positions out of the limits:
    - 'front_left_knee_joint': -0.840 not in [-2.532, -1.028]
    
    2024-12-03 17:49:03 [13,046,000ms] [Warning] [omni.usd] Unexpected reference count of 2 for UsdStage 'anon:0xb13e840:World0.usd' while being closed in UsdContext (this may indicate it is still resident in memory).

- File: Gendog135_20241203_144113.log (Index: 135)
  Last few lines:
    raise ValueError(msg)
    ValueError: The following joints have default positions out of the limits:
    - 'front_left_knee_joint': -0.840 not in [-2.532, -1.028]
    
    2024-12-03 17:36:55 [10,541,196ms] [Warning] [omni.usd] Unexpected reference count of 2 for UsdStage 'anon:0xb1c5ca0:World0.usd' while being closed in UsdContext (this may indicate it is still resident in memory).

- File: Gendog136_20241203_164218.log (Index: 136)
  Last few lines:
    raise ValueError(msg)
    ValueError: The following joints have default positions out of the limits:
    - 'front_left_knee_joint': -0.840 not in [-2.532, -1.028]
    
    2024-12-03 20:25:50 [13,411,768ms] [Warning] [omni.usd] Unexpected reference count of 2 for UsdStage 'anon:0xb0b4990:World0.usd' while being closed in UsdContext (this may indicate it is still resident in memory).

- File: Gendog137_20241203_175106.log (Index: 137)
  Last few lines:
    raise ValueError(msg)
    ValueError: The following joints have default positions out of the limits:
    - 'front_left_knee_joint': -0.840 not in [-2.532, -1.028]
    
    2024-12-03 21:41:51 [13,844,285ms] [Warning] [omni.usd] Unexpected reference count of 2 for UsdStage 'anon:0xaf76690:World0.usd' while being closed in UsdContext (this may indicate it is still resident in memory).

- File: Gendog138_20241203_174904.log (Index: 138)
  Last few lines:
    raise ValueError(msg)
    ValueError: The following joints have default positions out of the limits:
    - 'front_left_knee_joint': -0.840 not in [-2.532, -1.028]
    
    2024-12-03 21:31:37 [13,352,897ms] [Warning] [omni.usd] Unexpected reference count of 2 for UsdStage 'anon:0x992f8d0:World0.usd' while being closed in UsdContext (this may indicate it is still resident in memory).

- File: Gendog139_20241203_173655.log (Index: 139)
  Last few lines:
    raise ValueError(msg)
    ValueError: The following joints have default positions out of the limits:
    - 'front_left_knee_joint': -0.840 not in [-2.532, -1.028]
    
    2024-12-03 20:15:55 [9,539,752ms] [Warning] [omni.usd] Unexpected reference count of 2 for UsdStage 'anon:0x9cde570:World0.usd' while being closed in UsdContext (this may indicate it is still resident in memory).

- File: Gendog140_20241203_202551.log (Index: 140)
  Last few lines:
    raise ValueError(msg)
    ValueError: The following joints have default positions out of the limits:
    - 'front_left_knee_joint': -0.840 not in [-2.532, -1.028]
    
    2024-12-03 23:22:08 [10,577,413ms] [Warning] [omni.usd] Unexpected reference count of 2 for UsdStage 'anon:0xaaad0e0:World0.usd' while being closed in UsdContext (this may indicate it is still resident in memory).

- File: Gendog141_20241203_214151.log (Index: 141)
  Last few lines:
    raise ValueError(msg)
    ValueError: The following joints have default positions out of the limits:
    - 'front_left_knee_joint': -0.840 not in [-2.532, -1.028]
    
    2024-12-04 01:25:44 [13,432,564ms] [Warning] [omni.usd] Unexpected reference count of 2 for UsdStage 'anon:0xaddf800:World0.usd' while being closed in UsdContext (this may indicate it is still resident in memory).

- File: Gendog142_20241203_213137.log (Index: 142)
  Last few lines:
    raise ValueError(msg)
    ValueError: The following joints have default positions out of the limits:
    - 'front_left_knee_joint': -0.840 not in [-2.532, -1.028]
    
    2024-12-04 01:01:05 [12,567,603ms] [Warning] [omni.usd] Unexpected reference count of 2 for UsdStage 'anon:0xaa61fe0:World0.usd' while being closed in UsdContext (this may indicate it is still resident in memory).

- File: Gendog154_20241203_122335.log (Index: 154)
  Last few lines:
    ValueError: The following joints have default positions out of the limits:
    - 'front_left_knee_joint': -0.840 not in [-2.532, -1.028]
    - 'front_right_knee_joint': -0.840 not in [-2.532, -1.028]
    
    2024-12-03 19:35:45 [25,930,548ms] [Warning] [omni.usd] Unexpected reference count of 2 for UsdStage 'anon:0xb872830:World0.usd' while being closed in UsdContext (this may indicate it is still resident in memory).

- File: Gendog155_20241203_114309.log (Index: 155)
  Last few lines:
    ValueError: The following joints have default positions out of the limits:
    - 'front_left_knee_joint': -0.840 not in [-2.532, -1.028]
    - 'front_right_knee_joint': -0.840 not in [-2.532, -1.028]
    
    2024-12-03 19:31:18 [28,088,335ms] [Warning] [omni.usd] Unexpected reference count of 2 for UsdStage 'anon:0x9d94300:World0.usd' while being closed in UsdContext (this may indicate it is still resident in memory).

- File: Gendog156_20241203_124156.log (Index: 156)
  Last few lines:
    ValueError: The following joints have default positions out of the limits:
    - 'front_left_knee_joint': -0.840 not in [-2.532, -1.028]
    - 'front_right_knee_joint': -0.840 not in [-2.532, -1.028]
    
    2024-12-03 19:21:48 [23,991,135ms] [Warning] [omni.usd] Unexpected reference count of 2 for UsdStage 'anon:0xb330b70:World0.usd' while being closed in UsdContext (this may indicate it is still resident in memory).

- File: Gendog157_20241203_132522.log (Index: 157)
  Last few lines:
    ValueError: The following joints have default positions out of the limits:
    - 'front_left_knee_joint': -0.840 not in [-2.532, -1.028]
    - 'front_right_knee_joint': -0.840 not in [-2.532, -1.028]
    
    2024-12-03 20:38:44 [26,001,483ms] [Warning] [omni.usd] Unexpected reference count of 2 for UsdStage 'anon:0xaed3cc0:World0.usd' while being closed in UsdContext (this may indicate it is still resident in memory).

- File: Gendog158_20241203_193547.log (Index: 158)
  Last few lines:
    ValueError: The following joints have default positions out of the limits:
    - 'front_left_knee_joint': -0.840 not in [-2.532, -1.028]
    - 'front_right_knee_joint': -0.840 not in [-2.532, -1.028]
    
    2024-12-04 02:38:39 [25,371,962ms] [Warning] [omni.usd] Unexpected reference count of 2 for UsdStage 'anon:0x9e82480:World0.usd' while being closed in UsdContext (this may indicate it is still resident in memory).

- File: Gendog159_20241203_193119.log (Index: 159)
  Last few lines:
    ValueError: The following joints have default positions out of the limits:
    - 'front_left_knee_joint': -0.840 not in [-2.532, -1.028]
    - 'front_right_knee_joint': -0.840 not in [-2.532, -1.028]
    
    2024-12-04 03:24:40 [28,401,350ms] [Warning] [omni.usd] Unexpected reference count of 2 for UsdStage 'anon:0x991c400:World0.usd' while being closed in UsdContext (this may indicate it is still resident in memory).

- File: Gendog160_20241203_192149.log (Index: 160)
  Last few lines:
    ValueError: The following joints have default positions out of the limits:
    - 'front_left_knee_joint': -0.840 not in [-2.532, -1.028]
    - 'front_right_knee_joint': -0.840 not in [-2.532, -1.028]
    
    2024-12-04 03:20:11 [28,702,155ms] [Warning] [omni.usd] Unexpected reference count of 2 for UsdStage 'anon:0xaa7b690:World0.usd' while being closed in UsdContext (this may indicate it is still resident in memory).

- File: Gendog161_20241203_203845.log (Index: 161)
  Last few lines:
    ValueError: The following joints have default positions out of the limits:
    - 'front_left_knee_joint': -0.840 not in [-2.532, -1.028]
    - 'front_right_knee_joint': -0.840 not in [-2.532, -1.028]
    
    2024-12-04 05:00:02 [30,077,218ms] [Warning] [omni.usd] Unexpected reference count of 2 for UsdStage 'anon:0x9dc9e60:World0.usd' while being closed in UsdContext (this may indicate it is still resident in memory).

- File: Gendog162_20241204_023840.log (Index: 162)
  Last few lines:
    ValueError: The following joints have default positions out of the limits:
    - 'front_left_knee_joint': -0.840 not in [-2.532, -1.028]
    - 'front_right_knee_joint': -0.840 not in [-2.532, -1.028]
    
    2024-12-04 07:43:40 [18,299,880ms] [Warning] [omni.usd] Unexpected reference count of 2 for UsdStage 'anon:0x9a46d10:World0.usd' while being closed in UsdContext (this may indicate it is still resident in memory).

- File: Gendog163_20241204_032441.log (Index: 163)
  Last few lines:
    ValueError: The following joints have default positions out of the limits:
    - 'front_left_knee_joint': -0.840 not in [-2.532, -1.028]
    - 'front_right_knee_joint': -0.840 not in [-2.532, -1.028]
    
    2024-12-04 08:51:57 [19,635,206ms] [Warning] [omni.usd] Unexpected reference count of 2 for UsdStage 'anon:0xb454ff0:World0.usd' while being closed in UsdContext (this may indicate it is still resident in memory).

- File: Gendog164_20241204_032012.log (Index: 164)
  Last few lines:
    ValueError: The following joints have default positions out of the limits:
    - 'front_left_knee_joint': -0.840 not in [-2.532, -1.028]
    - 'front_right_knee_joint': -0.840 not in [-2.532, -1.028]
    
    2024-12-04 08:52:23 [19,930,355ms] [Warning] [omni.usd] Unexpected reference count of 2 for UsdStage 'anon:0xb4262f0:World0.usd' while being closed in UsdContext (this may indicate it is still resident in memory).

- File: Gendog165_20241204_050003.log (Index: 165)
  Last few lines:
    - 'front_right_knee_joint': -0.650 not in [-2.720, -0.840]
    - 'rear_left_knee_joint': -0.650 not in [-2.908, -0.652]
    - 'rear_right_knee_joint': -0.650 not in [-2.908, -0.652]
    
    2024-12-04 09:24:23 [15,859,381ms] [Warning] [omni.usd] Unexpected reference count of 2 for UsdStage 'anon:0xb466030:World0.usd' while being closed in UsdContext (this may indicate it is still resident in memory).

- File: Gendog166_20241204_074341.log (Index: 166)
  Last few lines:
    - 'front_right_knee_joint': -0.650 not in [-2.720, -0.840]
    - 'rear_left_knee_joint': -0.650 not in [-2.908, -0.652]
    - 'rear_right_knee_joint': -0.650 not in [-2.908, -0.652]
    
    2024-12-04 12:05:06 [15,684,213ms] [Warning] [omni.usd] Unexpected reference count of 2 for UsdStage 'anon:0xb10d3d0:World0.usd' while being closed in UsdContext (this may indicate it is still resident in memory).

- File: Gendog167_20241204_085158.log (Index: 167)
  Last few lines:
    - 'front_right_knee_joint': -0.650 not in [-2.720, -0.840]
    - 'rear_left_knee_joint': -0.650 not in [-2.908, -0.652]
    - 'rear_right_knee_joint': -0.650 not in [-2.908, -0.652]
    
    2024-12-04 13:15:23 [15,804,970ms] [Warning] [omni.usd] Unexpected reference count of 2 for UsdStage 'anon:0xa427fd0:World0.usd' while being closed in UsdContext (this may indicate it is still resident in memory).

- File: Gendog168_20241204_085224.log (Index: 168)
  Last few lines:
    - 'front_right_knee_joint': -0.650 not in [-2.720, -0.840]
    - 'rear_left_knee_joint': -0.650 not in [-2.908, -0.652]
    - 'rear_right_knee_joint': -0.650 not in [-2.908, -0.652]
    
    2024-12-04 13:46:30 [17,645,864ms] [Warning] [omni.usd] Unexpected reference count of 2 for UsdStage 'anon:0xb885db0:World0.usd' while being closed in UsdContext (this may indicate it is still resident in memory).

- File: Gendog169_20241204_092424.log (Index: 169)
  Last few lines:
    - 'front_right_knee_joint': -0.650 not in [-2.720, -0.840]
    - 'rear_left_knee_joint': -0.650 not in [-2.908, -0.652]
    - 'rear_right_knee_joint': -0.650 not in [-2.908, -0.652]
    
    2024-12-04 12:47:23 [12,177,798ms] [Warning] [omni.usd] Unexpected reference count of 2 for UsdStage 'anon:0xab1cfe0:World0.usd' while being closed in UsdContext (this may indicate it is still resident in memory).

- File: Gendog170_20241204_120507.log (Index: 170)
  Last few lines:
    - 'front_right_knee_joint': -0.650 not in [-2.720, -0.840]
    - 'rear_left_knee_joint': -0.650 not in [-2.908, -0.652]
    - 'rear_right_knee_joint': -0.650 not in [-2.908, -0.652]
    
    2024-12-04 16:58:47 [17,619,552ms] [Warning] [omni.usd] Unexpected reference count of 2 for UsdStage 'anon:0x9b8a7f0:World0.usd' while being closed in UsdContext (this may indicate it is still resident in memory).

- File: Gendog171_20241204_131525.log (Index: 171)
  Last few lines:
    - 'front_right_knee_joint': -0.650 not in [-2.720, -0.840]
    - 'rear_left_knee_joint': -0.650 not in [-2.908, -0.652]
    - 'rear_right_knee_joint': -0.650 not in [-2.908, -0.652]
    
    2024-12-04 17:41:17 [15,952,377ms] [Warning] [omni.usd] Unexpected reference count of 2 for UsdStage 'anon:0xb1568d0:World0.usd' while being closed in UsdContext (this may indicate it is still resident in memory).

- File: Gendog172_20241204_134632.log (Index: 172)
  Last few lines:
    - 'front_right_knee_joint': -0.650 not in [-2.720, -0.840]
    - 'rear_left_knee_joint': -0.650 not in [-2.908, -0.652]
    - 'rear_right_knee_joint': -0.650 not in [-2.908, -0.652]
    
    2024-12-04 17:13:10 [12,397,918ms] [Warning] [omni.usd] Unexpected reference count of 2 for UsdStage 'anon:0xa85da90:World0.usd' while being closed in UsdContext (this may indicate it is still resident in memory).

- File: Gendog173_20241204_124724.log (Index: 173)
  Last few lines:
    - 'front_right_knee_joint': -0.650 not in [-2.720, -0.840]
    - 'rear_left_knee_joint': -0.650 not in [-2.908, -0.652]
    - 'rear_right_knee_joint': -0.650 not in [-2.908, -0.652]
    
    2024-12-04 17:03:28 [15,364,280ms] [Warning] [omni.usd] Unexpected reference count of 2 for UsdStage 'anon:0xada3ac0:World0.usd' while being closed in UsdContext (this may indicate it is still resident in memory).

- File: Gendog174_20241204_165848.log (Index: 174)
  Last few lines:
    - 'front_left_knee_joint': -0.650 not in [-2.720, -0.840]
    - 'front_right_knee_joint': -0.650 not in [-2.720, -0.840]
    - 'rear_left_knee_joint': -0.650 not in [-2.908, -0.652]
    - 'rear_right_knee_joint': -0.650 not in [-2.908, -0.652]
    

- File: Gendog175_20241204_174119.log (Index: 175)
  Last few lines:
    - 'front_left_knee_joint': -0.650 not in [-2.720, -0.840]
    - 'front_right_knee_joint': -0.650 not in [-2.720, -0.840]
    - 'rear_left_knee_joint': -0.650 not in [-2.908, -0.652]
    - 'rear_right_knee_joint': -0.650 not in [-2.908, -0.652]
    

- File: Gendog198_20241203_165037.log (Index: 198)
  Last few lines:
    ValueError: The following joints have default positions out of the limits:
    - 'front_left_knee_joint': -0.840 not in [-2.532, -1.028]
    - 'rear_left_knee_joint': -0.840 not in [-2.532, -1.028]
    
    2024-12-03 20:07:43 [11,824,941ms] [Warning] [omni.usd] Unexpected reference count of 2 for UsdStage 'anon:0x13086620:World0.usd' while being closed in UsdContext (this may indicate it is still resident in memory).

- File: Gendog199_20241203_174502.log (Index: 199)
  Last few lines:
    ValueError: The following joints have default positions out of the limits:
    - 'front_left_knee_joint': -0.840 not in [-2.532, -1.028]
    - 'rear_left_knee_joint': -0.840 not in [-2.532, -1.028]
    
    2024-12-03 20:31:05 [9,963,072ms] [Warning] [omni.usd] Unexpected reference count of 2 for UsdStage 'anon:0x2c977e50:World0.usd' while being closed in UsdContext (this may indicate it is still resident in memory).

- File: Gendog200_20241203_200239.log (Index: 200)
  Last few lines:
    ValueError: The following joints have default positions out of the limits:
    - 'front_left_knee_joint': -0.840 not in [-2.532, -1.028]
    - 'rear_left_knee_joint': -0.840 not in [-2.532, -1.028]
    
    2024-12-03 23:41:28 [13,128,859ms] [Warning] [omni.usd] Unexpected reference count of 2 for UsdStage 'anon:0x162f5bc0:World0.usd' while being closed in UsdContext (this may indicate it is still resident in memory).

- File: Gendog201_20241203_223008.log (Index: 201)
  Last few lines:
    ValueError: The following joints have default positions out of the limits:
    - 'front_left_knee_joint': -0.840 not in [-2.532, -1.028]
    - 'rear_left_knee_joint': -0.840 not in [-2.532, -1.028]
    
    2024-12-04 01:41:12 [11,463,445ms] [Warning] [omni.usd] Unexpected reference count of 2 for UsdStage 'anon:0x2ce815b0:World0.usd' while being closed in UsdContext (this may indicate it is still resident in memory).

- File: Gendog202_20241203_200743.log (Index: 202)
  Last few lines:
    ValueError: The following joints have default positions out of the limits:
    - 'front_left_knee_joint': -0.840 not in [-2.532, -1.028]
    - 'rear_left_knee_joint': -0.840 not in [-2.532, -1.028]
    
    2024-12-03 22:58:33 [10,249,847ms] [Warning] [omni.usd] Unexpected reference count of 2 for UsdStage 'anon:0x484cb6b0:World0.usd' while being closed in UsdContext (this may indicate it is still resident in memory).

- File: Gendog203_20241203_203105.log (Index: 203)
  Last few lines:
    ValueError: The following joints have default positions out of the limits:
    - 'front_left_knee_joint': -0.840 not in [-2.532, -1.028]
    - 'rear_left_knee_joint': -0.840 not in [-2.532, -1.028]
    
    2024-12-04 00:24:22 [13,996,935ms] [Warning] [omni.usd] Unexpected reference count of 2 for UsdStage 'anon:0x35fb2470:World0.usd' while being closed in UsdContext (this may indicate it is still resident in memory).

- File: Gendog204_20241203_234129.log (Index: 204)
  Last few lines:
    ValueError: The following joints have default positions out of the limits:
    - 'front_left_knee_joint': -0.840 not in [-2.532, -1.028]
    - 'rear_left_knee_joint': -0.840 not in [-2.532, -1.028]
    
    2024-12-04 03:16:33 [12,903,931ms] [Warning] [omni.usd] Unexpected reference count of 2 for UsdStage 'anon:0xb72bfe0:World0.usd' while being closed in UsdContext (this may indicate it is still resident in memory).

- File: Gendog205_20241204_014112.log (Index: 205)
  Last few lines:
    ValueError: The following joints have default positions out of the limits:
    - 'front_left_knee_joint': -0.840 not in [-2.532, -1.028]
    - 'rear_left_knee_joint': -0.840 not in [-2.532, -1.028]
    
    2024-12-04 03:39:39 [7,106,654ms] [Warning] [omni.usd] Unexpected reference count of 2 for UsdStage 'anon:0x18fbbfd0:World0.usd' while being closed in UsdContext (this may indicate it is still resident in memory).

- File: Gendog206_20241203_225833.log (Index: 206)
  Last few lines:
    ValueError: The following joints have default positions out of the limits:
    - 'front_left_knee_joint': -0.840 not in [-2.532, -1.028]
    - 'rear_left_knee_joint': -0.840 not in [-2.532, -1.028]
    
    2024-12-04 01:51:45 [10,391,615ms] [Warning] [omni.usd] Unexpected reference count of 2 for UsdStage 'anon:0x29b04850:World0.usd' while being closed in UsdContext (this may indicate it is still resident in memory).

- File: Gendog207_20241204_002423.log (Index: 207)
  Last few lines:
    ValueError: The following joints have default positions out of the limits:
    - 'front_left_knee_joint': -0.840 not in [-2.532, -1.028]
    - 'rear_left_knee_joint': -0.840 not in [-2.532, -1.028]
    
    2024-12-04 03:50:37 [12,373,639ms] [Warning] [omni.usd] Unexpected reference count of 2 for UsdStage 'anon:0x3a6f7260:World0.usd' while being closed in UsdContext (this may indicate it is still resident in memory).

- File: Gendog208_20241204_031634.log (Index: 208)
  Last few lines:
    ValueError: The following joints have default positions out of the limits:
    - 'front_left_knee_joint': -0.840 not in [-2.532, -1.028]
    - 'rear_left_knee_joint': -0.840 not in [-2.532, -1.028]
    
    2024-12-04 05:45:18 [8,924,688ms] [Warning] [omni.usd] Unexpected reference count of 2 for UsdStage 'anon:0x2bbc8ff0:World0.usd' while being closed in UsdContext (this may indicate it is still resident in memory).

- File: Gendog240_20241203_034849.log (Index: 240)
  Last few lines:
    raise ValueError(msg)
    ValueError: The following joints have default positions out of the limits:
    - 'front_left_knee_joint': -0.840 not in [-2.532, -1.028]
    
    2024-12-03 11:52:58 [29,049,047ms] [Warning] [omni.usd] Unexpected reference count of 2 for UsdStage 'anon:0xbbd8410:World0.usd' while being closed in UsdContext (this may indicate it is still resident in memory).

- File: Gendog241_20241203_034849.log (Index: 241)
  Last few lines:
    raise ValueError(msg)
    ValueError: The following joints have default positions out of the limits:
    - 'front_left_knee_joint': -0.840 not in [-2.532, -1.028]
    
    2024-12-03 11:31:40 [27,771,146ms] [Warning] [omni.usd] Unexpected reference count of 3 for UsdStage 'anon:0xaf85810:World0.usd' while being closed in UsdContext (this may indicate it is still resident in memory).

- File: Gendog253_20241204_022739.log (Index: 253)
  Last few lines:
    ValueError: The following joints have default positions out of the limits:
    - 'front_left_knee_joint': -0.840 not in [-2.532, -1.028]
    - 'front_right_knee_joint': -0.840 not in [-2.532, -1.028]
    
    2024-12-04 08:11:07 [20,608,562ms] [Warning] [omni.usd] Unexpected reference count of 2 for UsdStage 'anon:0x99bd4f0:World0.usd' while being closed in UsdContext (this may indicate it is still resident in memory).

- File: Gendog254_20241204_034057.log (Index: 254)
  Last few lines:
    ValueError: The following joints have default positions out of the limits:
    - 'front_left_knee_joint': -0.840 not in [-2.532, -1.028]
    - 'front_right_knee_joint': -0.840 not in [-2.532, -1.028]
    
    2024-12-04 08:19:25 [16,707,592ms] [Warning] [omni.usd] Unexpected reference count of 2 for UsdStage 'anon:0xa541fe0:World0.usd' while being closed in UsdContext (this may indicate it is still resident in memory).

- File: Gendog255_20241204_024020.log (Index: 255)
  Last few lines:
    ValueError: The following joints have default positions out of the limits:
    - 'front_left_knee_joint': -0.840 not in [-2.532, -1.028]
    - 'front_right_knee_joint': -0.840 not in [-2.532, -1.028]
    
    2024-12-04 07:52:58 [18,757,287ms] [Warning] [omni.usd] Unexpected reference count of 2 for UsdStage 'anon:0xaa2cdc0:World0.usd' while being closed in UsdContext (this may indicate it is still resident in memory).

- File: Gendog256_20241204_083327.log (Index: 256)
  Last few lines:
    ValueError: The following joints have default positions out of the limits:
    - 'front_left_knee_joint': -0.840 not in [-2.532, -1.028]
    - 'front_right_knee_joint': -0.840 not in [-2.532, -1.028]
    
    2024-12-04 12:09:34 [12,966,908ms] [Warning] [omni.usd] Unexpected reference count of 2 for UsdStage 'anon:0x9a9cfc0:World0.usd' while being closed in UsdContext (this may indicate it is still resident in memory).

- File: Gendog257_20241204_081109.log (Index: 257)
  Last few lines:
    ValueError: The following joints have default positions out of the limits:
    - 'front_left_knee_joint': -0.840 not in [-2.532, -1.028]
    - 'front_right_knee_joint': -0.840 not in [-2.532, -1.028]
    
    2024-12-04 12:46:16 [16,506,848ms] [Warning] [omni.usd] Unexpected reference count of 2 for UsdStage 'anon:0xad09600:World0.usd' while being closed in UsdContext (this may indicate it is still resident in memory).

- File: Gendog258_20241204_081926.log (Index: 258)
  Last few lines:
    ValueError: The following joints have default positions out of the limits:
    - 'front_left_knee_joint': -0.840 not in [-2.532, -1.028]
    - 'front_right_knee_joint': -0.840 not in [-2.532, -1.028]
    
    2024-12-04 12:34:03 [15,276,975ms] [Warning] [omni.usd] Unexpected reference count of 2 for UsdStage 'anon:0xa3452d0:World0.usd' while being closed in UsdContext (this may indicate it is still resident in memory).

- File: Gendog259_20241204_075259.log (Index: 259)
  Last few lines:
    ValueError: The following joints have default positions out of the limits:
    - 'front_left_knee_joint': -0.840 not in [-2.532, -1.028]
    - 'front_right_knee_joint': -0.840 not in [-2.532, -1.028]
    
    2024-12-04 12:39:39 [17,198,905ms] [Warning] [omni.usd] Unexpected reference count of 2 for UsdStage 'anon:0xb119df0:World0.usd' while being closed in UsdContext (this may indicate it is still resident in memory).

- File: Gendog260_20241204_120935.log (Index: 260)
  Last few lines:
    ValueError: The following joints have default positions out of the limits:
    - 'front_left_knee_joint': -0.840 not in [-2.532, -1.028]
    - 'front_right_knee_joint': -0.840 not in [-2.532, -1.028]
    
    2024-12-04 15:57:22 [13,666,321ms] [Warning] [omni.usd] Unexpected reference count of 2 for UsdStage 'anon:0x9978180:World0.usd' while being closed in UsdContext (this may indicate it is still resident in memory).

- File: Gendog261_20241204_124617.log (Index: 261)
  Last few lines:
    ValueError: The following joints have default positions out of the limits:
    - 'front_left_knee_joint': -0.840 not in [-2.532, -1.028]
    - 'front_right_knee_joint': -0.840 not in [-2.532, -1.028]
    
    2024-12-04 16:27:58 [13,300,852ms] [Warning] [omni.usd] Unexpected reference count of 2 for UsdStage 'anon:0xaf28720:World0.usd' while being closed in UsdContext (this may indicate it is still resident in memory).

- File: Gendog262_20241204_123404.log (Index: 262)
  Last few lines:
    ValueError: The following joints have default positions out of the limits:
    - 'front_left_knee_joint': -0.840 not in [-2.532, -1.028]
    - 'front_right_knee_joint': -0.840 not in [-2.532, -1.028]
    
    2024-12-04 17:05:34 [16,289,684ms] [Warning] [omni.usd] Unexpected reference count of 2 for UsdStage 'anon:0xb7cdde0:World0.usd' while being closed in UsdContext (this may indicate it is still resident in memory).

- File: Gendog263_20241204_123940.log (Index: 263)
  Last few lines:
    ValueError: The following joints have default positions out of the limits:
    - 'front_left_knee_joint': -0.840 not in [-2.532, -1.028]
    - 'front_right_knee_joint': -0.840 not in [-2.532, -1.028]
    
    2024-12-04 17:28:32 [17,331,825ms] [Warning] [omni.usd] Unexpected reference count of 2 for UsdStage 'anon:0xa328bb0:World0.usd' while being closed in UsdContext (this may indicate it is still resident in memory).

- File: Gendog264_20241204_155723.log (Index: 264)
  Last few lines:
    - 'front_right_knee_joint': -0.650 not in [-2.720, -0.840]
    - 'rear_left_knee_joint': -0.650 not in [-2.908, -0.652]
    - 'rear_right_knee_joint': -0.650 not in [-2.908, -0.652]
    
    2024-12-04 20:17:48 [15,625,172ms] [Warning] [omni.usd] Unexpected reference count of 2 for UsdStage 'anon:0xafbbfc0:World0.usd' while being closed in UsdContext (this may indicate it is still resident in memory).

- File: Gendog265_20241204_162759.log (Index: 265)
  Last few lines:
    - 'front_right_knee_joint': -0.650 not in [-2.720, -0.840]
    - 'rear_left_knee_joint': -0.650 not in [-2.908, -0.652]
    - 'rear_right_knee_joint': -0.650 not in [-2.908, -0.652]
    
    2024-12-04 20:11:44 [13,424,020ms] [Warning] [omni.usd] Unexpected reference count of 2 for UsdStage 'anon:0xaf7d750:World0.usd' while being closed in UsdContext (this may indicate it is still resident in memory).

- File: Gendog266_20241204_170536.log (Index: 266)
  Last few lines:
    - 'front_left_knee_joint': -0.650 not in [-2.720, -0.840]
    - 'front_right_knee_joint': -0.650 not in [-2.720, -0.840]
    - 'rear_left_knee_joint': -0.650 not in [-2.908, -0.652]
    - 'rear_right_knee_joint': -0.650 not in [-2.908, -0.652]
    

- File: Gendog267_20241204_172833.log (Index: 267)
  Last few lines:
    - 'front_right_knee_joint': -0.650 not in [-2.720, -0.840]
    - 'rear_left_knee_joint': -0.650 not in [-2.908, -0.652]
    - 'rear_right_knee_joint': -0.650 not in [-2.908, -0.652]
    
    2024-12-04 21:22:23 [14,029,607ms] [Warning] [omni.usd] Unexpected reference count of 2 for UsdStage 'anon:0xafcb3a0:World0.usd' while being closed in UsdContext (this may indicate it is still resident in memory).

- File: Gendog268_20241204_201749.log (Index: 268)
  Last few lines:
    - 'front_left_knee_joint': -0.650 not in [-2.720, -0.840]
    - 'front_right_knee_joint': -0.650 not in [-2.720, -0.840]
    - 'rear_left_knee_joint': -0.650 not in [-2.908, -0.652]
    - 'rear_right_knee_joint': -0.650 not in [-2.908, -0.652]
    

- File: Gendog269_20241204_201145.log (Index: 269)
  Last few lines:
    - 'front_left_knee_joint': -0.650 not in [-2.720, -0.840]
    - 'front_right_knee_joint': -0.650 not in [-2.720, -0.840]
    - 'rear_left_knee_joint': -0.650 not in [-2.908, -0.652]
    - 'rear_right_knee_joint': -0.650 not in [-2.908, -0.652]
    

- File: Gendog270_20241203_034551.log (Index: 270)
  Last few lines:
    - 'front_right_knee_joint': -0.650 not in [-2.720, -0.840]
    - 'rear_left_knee_joint': -0.650 not in [-2.908, -0.652]
    - 'rear_right_knee_joint': -0.650 not in [-2.908, -0.652]
    
    2024-12-03 07:39:54 [14,042,804ms] [Warning] [omni.usd] Unexpected reference count of 2 for UsdStage 'anon:0x195f6400:World0.usd' while being closed in UsdContext (this may indicate it is still resident in memory).

- File: Gendog271_20241203_034552.log (Index: 271)
  Last few lines:
    - 'front_right_knee_joint': -0.650 not in [-2.720, -0.840]
    - 'rear_left_knee_joint': -0.650 not in [-2.908, -0.652]
    - 'rear_right_knee_joint': -0.650 not in [-2.908, -0.652]
    
    2024-12-03 06:50:33 [11,079,993ms] [Warning] [omni.usd] Unexpected reference count of 2 for UsdStage 'anon:0x2fef7560:World0.usd' while being closed in UsdContext (this may indicate it is still resident in memory).

- File: Gendog272_20241203_034551.log (Index: 272)
  Last few lines:
    - 'front_right_knee_joint': -0.650 not in [-2.720, -0.840]
    - 'rear_left_knee_joint': -0.650 not in [-2.908, -0.652]
    - 'rear_right_knee_joint': -0.650 not in [-2.908, -0.652]
    
    2024-12-03 06:47:41 [10,909,451ms] [Warning] [omni.usd] Unexpected reference count of 2 for UsdStage 'anon:0x193f3690:World0.usd' while being closed in UsdContext (this may indicate it is still resident in memory).

- File: Gendog273_20241203_034552.log (Index: 273)
  Last few lines:
    - 'front_right_knee_joint': -0.650 not in [-2.720, -0.840]
    - 'rear_left_knee_joint': -0.650 not in [-2.908, -0.652]
    - 'rear_right_knee_joint': -0.650 not in [-2.908, -0.652]
    
    2024-12-03 07:04:21 [11,909,172ms] [Warning] [omni.usd] Unexpected reference count of 2 for UsdStage 'anon:0xdd892d0:World0.usd' while being closed in UsdContext (this may indicate it is still resident in memory).

- File: Gendog274_20241203_073955.log (Index: 274)
  Last few lines:
    - 'front_right_knee_joint': -0.650 not in [-2.720, -0.840]
    - 'rear_left_knee_joint': -0.650 not in [-2.908, -0.652]
    - 'rear_right_knee_joint': -0.650 not in [-2.908, -0.652]
    
    2024-12-03 11:25:15 [13,519,567ms] [Warning] [omni.usd] Unexpected reference count of 2 for UsdStage 'anon:0x46c7a650:World0.usd' while being closed in UsdContext (this may indicate it is still resident in memory).

- File: Gendog297_20241203_231201.log (Index: 297)
  Last few lines:
    ValueError: The following joints have default positions out of the limits:
    - 'front_left_knee_joint': -0.840 not in [-2.532, -1.028]
    - 'rear_left_knee_joint': -0.840 not in [-2.532, -1.028]
    
    2024-12-04 02:22:41 [11,439,835ms] [Warning] [omni.usd] Unexpected reference count of 2 for UsdStage 'anon:0x1e493e00:World0.usd' while being closed in UsdContext (this may indicate it is still resident in memory).

- File: Gendog298_20241204_021801.log (Index: 298)
  Last few lines:
    ValueError: The following joints have default positions out of the limits:
    - 'front_left_knee_joint': -0.840 not in [-2.532, -1.028]
    - 'rear_left_knee_joint': -0.840 not in [-2.532, -1.028]
    
    2024-12-04 04:07:35 [6,573,946ms] [Warning] [omni.usd] Unexpected reference count of 2 for UsdStage 'anon:0x40f463b0:World0.usd' while being closed in UsdContext (this may indicate it is still resident in memory).

- File: Gendog299_20241204_005854.log (Index: 299)
  Last few lines:
    ValueError: The following joints have default positions out of the limits:
    - 'front_left_knee_joint': -0.840 not in [-2.532, -1.028]
    - 'rear_left_knee_joint': -0.840 not in [-2.532, -1.028]
    
    2024-12-04 03:52:13 [10,398,856ms] [Warning] [omni.usd] Unexpected reference count of 2 for UsdStage 'anon:0x3c2fe7e0:World0.usd' while being closed in UsdContext (this may indicate it is still resident in memory).

- File: Gendog300_20241203_034754.log (Index: 300)
  Last few lines:
    raise ValueError(msg)
    ValueError: The following joints have default positions out of the limits:
    - 'front_left_knee_joint': -0.840 not in [-2.532, -1.028]
    - 'rear_left_knee_joint': -0.840 not in [-2.532, -1.028]
    

- File: Gendog301_20241203_034753.log (Index: 301)
  Last few lines:
    raise ValueError(msg)
    ValueError: The following joints have default positions out of the limits:
    - 'front_left_knee_joint': -0.840 not in [-2.532, -1.028]
    - 'rear_left_knee_joint': -0.840 not in [-2.532, -1.028]
    

- File: Gendog302_20241203_034753.log (Index: 302)
  Last few lines:
    raise ValueError(msg)
    ValueError: The following joints have default positions out of the limits:
    - 'front_left_knee_joint': -0.840 not in [-2.532, -1.028]
    - 'rear_left_knee_joint': -0.840 not in [-2.532, -1.028]
    

- File: Gendog303_20241203_034754.log (Index: 303)
  Last few lines:
    raise ValueError(msg)
    ValueError: The following joints have default positions out of the limits:
    - 'front_left_knee_joint': -0.840 not in [-2.532, -1.028]
    - 'rear_left_knee_joint': -0.840 not in [-2.532, -1.028]
    

